[    29.111] 
X.Org X Server 1.21.1.8
X Protocol Version 11, Revision 0
[    29.112] Current Operating System: Linux archlinux 6.3.8-arch1-1 #1 SMP PREEMPT_DYNAMIC Wed, 14 Jun 2023 20:10:31 +0000 x86_64
[    29.113] Kernel command line: BOOT_IMAGE=/vmlinuz-linux root=UUID=c284c2c6-1f32-42c6-835d-97ab6b4f3405 rw rootfstype=ext4 loglevel=3 quiet
[    29.114]  
[    29.114] Current version of pixman: 0.42.2
[    29.116] 	Before reporting problems, check http://wiki.x.org
	to make sure that you have the latest version.
[    29.116] Markers: (--) probed, (**) from config file, (==) default setting,
	(++) from command line, (!!) notice, (II) informational,
	(WW) warning, (EE) error, (NI) not implemented, (??) unknown.
[    29.121] (==) Log file: "/home/dustin/.local/share/xorg/Xorg.0.log", Time: Fri Jun 16 09:56:20 2023
[    29.125] (==) Using config directory: "/etc/X11/xorg.conf.d"
[    29.125] (==) Using system config directory "/usr/share/X11/xorg.conf.d"
[    29.128] (==) No Layout section.  Using the first Screen section.
[    29.128] (==) No screen section available. Using defaults.
[    29.128] (**) |-->Screen "Default Screen Section" (0)
[    29.128] (**) |   |-->Monitor "<default monitor>"
[    29.128] (==) No monitor specified for screen "Default Screen Section".
	Using a default monitor configuration.
[    29.128] (==) Automatically adding devices
[    29.128] (==) Automatically enabling devices
[    29.128] (==) Automatically adding GPU devices
[    29.128] (==) Automatically binding GPU devices
[    29.128] (==) Max clients allowed: 256, resource mask: 0x1fffff
[    29.131] (WW) The directory "/usr/share/fonts/Type1" does not exist.
[    29.131] 	Entry deleted from font path.
[    29.133] (==) FontPath set to:
	/usr/share/fonts/misc,
	/usr/share/fonts/TTF,
	/usr/share/fonts/OTF,
	/usr/share/fonts/100dpi,
	/usr/share/fonts/75dpi
[    29.133] (==) ModulePath set to "/usr/lib/xorg/modules"
[    29.133] (II) The server relies on udev to provide the list of input devices.
	If no devices become available, reconfigure udev or disable AutoAddDevices.
[    29.133] (II) Module ABI versions:
[    29.133] 	X.Org ANSI C Emulation: 0.4
[    29.133] 	X.Org Video Driver: 25.2
[    29.133] 	X.Org XInput driver : 24.4
[    29.133] 	X.Org Server Extension : 10.0
[    29.135] (++) using VT number 1

[    29.137] (II) systemd-logind: took control of session /org/freedesktop/login1/session/_31
[    29.138] (II) xfree86: Adding drm device (/dev/dri/card0)
[    29.138] (II) Platform probe for /sys/devices/pci0000:00/0000:00:02.0/drm/card0
[    29.139] (II) systemd-logind: got fd for /dev/dri/card0 226:0 fd 13 paused 0
[    29.141] (--) PCI:*(0@0:2:0) 15ad:0405:15ad:0405 rev 0, Mem @ 0xe0000000/134217728, 0xf0000000/2097152, I/O @ 0x0000d010/16, BIOS @ 0x????????/131072
[    29.141] (WW) Open ACPI failed (/var/run/acpid.socket) (No such file or directory)
[    29.141] (II) LoadModule: "glx"
[    29.142] (II) Loading /usr/lib/xorg/modules/extensions/libglx.so
[    29.150] (II) Module glx: vendor="X.Org Foundation"
[    29.150] 	compiled for 1.21.1.8, module version = 1.0.0
[    29.150] 	ABI class: X.Org Server Extension, version 10.0
[    29.150] (==) Matched vmware as autoconfigured driver 0
[    29.150] (==) Matched modesetting as autoconfigured driver 1
[    29.150] (==) Matched fbdev as autoconfigured driver 2
[    29.150] (==) Matched vesa as autoconfigured driver 3
[    29.150] (==) Assigned the driver to the xf86ConfigLayout
[    29.150] (II) LoadModule: "vmware"
[    29.150] (WW) Warning, couldn't open module vmware
[    29.150] (EE) Failed to load module "vmware" (module does not exist, 0)
[    29.150] (II) LoadModule: "modesetting"
[    29.150] (II) Loading /usr/lib/xorg/modules/drivers/modesetting_drv.so
[    29.154] (II) Module modesetting: vendor="X.Org Foundation"
[    29.154] 	compiled for 1.21.1.8, module version = 1.21.1
[    29.154] 	Module class: X.Org Video Driver
[    29.154] 	ABI class: X.Org Video Driver, version 25.2
[    29.154] (II) LoadModule: "fbdev"
[    29.154] (WW) Warning, couldn't open module fbdev
[    29.154] (EE) Failed to load module "fbdev" (module does not exist, 0)
[    29.154] (II) LoadModule: "vesa"
[    29.154] (II) Loading /usr/lib/xorg/modules/drivers/vesa_drv.so
[    29.155] (II) Module vesa: vendor="X.Org Foundation"
[    29.155] 	compiled for 1.21.1.4, module version = 2.6.0
[    29.155] 	Module class: X.Org Video Driver
[    29.155] 	ABI class: X.Org Video Driver, version 25.2
[    29.155] (II) modesetting: Driver for Modesetting Kernel Drivers: kms
[    29.155] (II) VESA: driver for VESA chipsets: vesa
[    29.155] xf86EnableIO: failed to enable I/O ports 0000-03ff (Operation not permitted)
[    29.155] (II) modeset(0): using drv /dev/dri/card0
[    29.155] (WW) VGA arbiter: cannot open kernel arbiter, no multi-card support
[    29.155] (II) modeset(0): Creating default Display subsection in Screen section
	"Default Screen Section" for depth/fbbpp 24/32
[    29.155] (==) modeset(0): Depth 24, (==) framebuffer bpp 32
[    29.155] (==) modeset(0): RGB weight 888
[    29.155] (==) modeset(0): Default visual is TrueColor
[    29.155] (II) Loading sub module "glamoregl"
[    29.155] (II) LoadModule: "glamoregl"
[    29.155] (II) Loading /usr/lib/xorg/modules/libglamoregl.so
[    29.162] (II) Module glamoregl: vendor="X.Org Foundation"
[    29.162] 	compiled for 1.21.1.8, module version = 1.0.1
[    29.162] 	ABI class: X.Org ANSI C Emulation, version 0.4
[    29.383] (II) modeset(0): Refusing to try glamor on llvmpipe
[    29.387] (II) modeset(0): glamor initialization failed
[    29.387] (II) modeset(0): ShadowFB: preferred NO, enabled NO
[    29.387] (II) modeset(0): Output Virtual-1 has no monitor section
[    29.387] (II) modeset(0): Output Virtual-2 has no monitor section
[    29.387] (II) modeset(0): Output Virtual-3 has no monitor section
[    29.387] (II) modeset(0): Output Virtual-4 has no monitor section
[    29.387] (II) modeset(0): Output Virtual-5 has no monitor section
[    29.387] (II) modeset(0): Output Virtual-6 has no monitor section
[    29.387] (II) modeset(0): Output Virtual-7 has no monitor section
[    29.387] (II) modeset(0): Output Virtual-8 has no monitor section
[    29.388] (II) modeset(0): EDID for output Virtual-1
[    29.388] (II) modeset(0): Printing probed modes for output Virtual-1
[    29.388] (II) modeset(0): Modeline "1280x800"x60.0   81.51  1280 1330 1380 1430  800 850 900 950 -hsync +vsync (57.0 kHz eP)
[    29.388] (II) modeset(0): Modeline "3840x2400"x60.0  592.25  3840 3888 3920 4000  2400 2403 2409 2469 +hsync -vsync (148.1 kHz e)
[    29.388] (II) modeset(0): Modeline "3840x2160"x60.0  533.00  3840 3888 3920 4000  2160 2163 2168 2222 +hsync -vsync (133.2 kHz e)
[    29.388] (II) modeset(0): Modeline "2880x1800"x59.9  337.50  2880 2928 2960 3040  1800 1803 1809 1852 +hsync -vsync (111.0 kHz e)
[    29.388] (II) modeset(0): Modeline "2560x1600"x60.0  348.50  2560 2752 3032 3504  1600 1603 1609 1658 -hsync +vsync (99.5 kHz e)
[    29.388] (II) modeset(0): Modeline "2560x1440"x60.0  241.50  2560 2608 2640 2720  1440 1443 1448 1481 +hsync -vsync (88.8 kHz e)
[    29.388] (II) modeset(0): Modeline "1920x1440"x60.0  234.00  1920 2048 2256 2600  1440 1441 1444 1500 -hsync +vsync (90.0 kHz e)
[    29.388] (II) modeset(0): Modeline "1856x1392"x60.0  218.25  1856 1952 2176 2528  1392 1393 1396 1439 -hsync +vsync (86.3 kHz e)
[    29.388] (II) modeset(0): Modeline "1792x1344"x60.0  204.75  1792 1920 2120 2448  1344 1345 1348 1394 -hsync +vsync (83.6 kHz e)
[    29.388] (II) modeset(0): Modeline "1920x1200"x59.9  193.25  1920 2056 2256 2592  1200 1203 1209 1245 -hsync +vsync (74.6 kHz e)
[    29.388] (II) modeset(0): Modeline "1920x1080"x60.0  173.00  1920 2048 2248 2576  1080 1083 1088 1120 -hsync +vsync (67.2 kHz e)
[    29.388] (II) modeset(0): Modeline "1600x1200"x60.0  162.00  1600 1664 1856 2160  1200 1201 1204 1250 +hsync +vsync (75.0 kHz e)
[    29.388] (II) modeset(0): Modeline "1680x1050"x60.0  146.25  1680 1784 1960 2240  1050 1053 1059 1089 -hsync +vsync (65.3 kHz e)
[    29.388] (II) modeset(0): Modeline "1400x1050"x60.0  121.75  1400 1488 1632 1864  1050 1053 1057 1089 -hsync +vsync (65.3 kHz e)
[    29.388] (II) modeset(0): Modeline "1280x1024"x60.0  108.00  1280 1328 1440 1688  1024 1025 1028 1066 +hsync +vsync (64.0 kHz e)
[    29.388] (II) modeset(0): Modeline "1440x900"x59.9  106.50  1440 1520 1672 1904  900 903 909 934 -hsync +vsync (55.9 kHz e)
[    29.388] (II) modeset(0): Modeline "1280x960"x60.0  108.00  1280 1376 1488 1800  960 961 964 1000 +hsync +vsync (60.0 kHz e)
[    29.388] (II) modeset(0): Modeline "1360x768"x60.0   85.50  1360 1424 1536 1792  768 771 777 795 +hsync +vsync (47.7 kHz e)
[    29.388] (II) modeset(0): Modeline "1280x800"x59.8   83.50  1280 1352 1480 1680  800 803 809 831 +hsync -vsync (49.7 kHz e)
[    29.388] (II) modeset(0): Modeline "1152x864"x75.0  108.00  1152 1216 1344 1600  864 865 868 900 +hsync +vsync (67.5 kHz e)
[    29.388] (II) modeset(0): Modeline "1280x768"x59.9   79.50  1280 1344 1472 1664  768 771 778 798 -hsync +vsync (47.8 kHz e)
[    29.388] (II) modeset(0): Modeline "1280x720"x59.9   74.50  1280 1344 1472 1664  720 723 728 748 -hsync +vsync (44.8 kHz e)
[    29.388] (II) modeset(0): Modeline "1024x768"x60.0   65.00  1024 1048 1184 1344  768 771 777 806 -hsync -vsync (48.4 kHz e)
[    29.388] (II) modeset(0): Modeline "800x600"x60.3   40.00  800 840 968 1056  600 601 605 628 +hsync +vsync (37.9 kHz e)
[    29.388] (II) modeset(0): Modeline "640x480"x59.9   25.18  640 656 752 800  480 489 492 525 -hsync -vsync (31.5 kHz e)
[    29.388] (II) modeset(0): EDID for output Virtual-2
[    29.388] (II) modeset(0): EDID for output Virtual-3
[    29.388] (II) modeset(0): EDID for output Virtual-4
[    29.388] (II) modeset(0): EDID for output Virtual-5
[    29.388] (II) modeset(0): EDID for output Virtual-6
[    29.388] (II) modeset(0): EDID for output Virtual-7
[    29.388] (II) modeset(0): EDID for output Virtual-8
[    29.388] (II) modeset(0): Output Virtual-1 connected
[    29.388] (II) modeset(0): Output Virtual-2 disconnected
[    29.388] (II) modeset(0): Output Virtual-3 disconnected
[    29.388] (II) modeset(0): Output Virtual-4 disconnected
[    29.388] (II) modeset(0): Output Virtual-5 disconnected
[    29.388] (II) modeset(0): Output Virtual-6 disconnected
[    29.388] (II) modeset(0): Output Virtual-7 disconnected
[    29.388] (II) modeset(0): Output Virtual-8 disconnected
[    29.388] (II) modeset(0): Using exact sizes for initial modes
[    29.388] (II) modeset(0): Output Virtual-1 using initial mode 1280x800 +0+0
[    29.388] (==) modeset(0): Using gamma correction (1.0, 1.0, 1.0)
[    29.388] (==) modeset(0): DPI set to (96, 96)
[    29.388] (II) Loading sub module "fb"
[    29.388] (II) LoadModule: "fb"
[    29.388] (II) Module "fb" already built-in
[    29.388] (II) UnloadModule: "vesa"
[    29.388] (II) Unloading vesa
[    29.389] (==) modeset(0): Backing store enabled
[    29.389] (==) modeset(0): Silken mouse enabled
[    29.389] (II) modeset(0): Initializing kms color map for depth 24, 8 bpc.
[    29.389] (==) modeset(0): DPMS enabled
[    29.390] (II) Initializing extension Generic Event Extension
[    29.390] (II) Initializing extension SHAPE
[    29.390] (II) Initializing extension MIT-SHM
[    29.390] (II) Initializing extension XInputExtension
[    29.391] (II) Initializing extension XTEST
[    29.391] (II) Initializing extension BIG-REQUESTS
[    29.391] (II) Initializing extension SYNC
[    29.391] (II) Initializing extension XKEYBOARD
[    29.391] (II) Initializing extension XC-MISC
[    29.391] (II) Initializing extension SECURITY
[    29.392] (II) Initializing extension XFIXES
[    29.392] (II) Initializing extension RENDER
[    29.392] (II) Initializing extension RANDR
[    29.392] (II) Initializing extension COMPOSITE
[    29.392] (II) Initializing extension DAMAGE
[    29.392] (II) Initializing extension MIT-SCREEN-SAVER
[    29.392] (II) Initializing extension DOUBLE-BUFFER
[    29.392] (II) Initializing extension RECORD
[    29.392] (II) Initializing extension DPMS
[    29.392] (II) Initializing extension Present
[    29.392] (II) Initializing extension DRI3
[    29.392] (II) Initializing extension X-Resource
[    29.393] (II) Initializing extension XVideo
[    29.393] (II) Initializing extension XVideo-MotionCompensation
[    29.393] (II) Initializing extension GLX
[    29.393] (II) AIGLX: Screen 0 is not DRI2 capable
[    29.398] (II) IGLX: Loaded and initialized swrast
[    29.399] (II) GLX: Initialized DRISWRAST GL provider for screen 0
[    29.399] (II) Initializing extension XFree86-VidModeExtension
[    29.399] (II) Initializing extension XFree86-DGA
[    29.399] (II) Initializing extension XFree86-DRI
[    29.399] (II) Initializing extension DRI2
[    29.399] (II) modeset(0): Damage tracking initialized
[    29.399] (II) modeset(0): Setting screen physical size to 338 x 211
[    29.484] (II) config/udev: Adding input device Power Button (/dev/input/event0)
[    29.484] (**) Power Button: Applying InputClass "libinput keyboard catchall"
[    29.484] (**) Power Button: Applying InputClass "system-keyboard"
[    29.484] (II) LoadModule: "libinput"
[    29.484] (II) Loading /usr/lib/xorg/modules/input/libinput_drv.so
[    29.489] (II) Module libinput: vendor="X.Org Foundation"
[    29.489] 	compiled for 1.21.1.8, module version = 1.3.0
[    29.489] 	Module class: X.Org XInput Driver
[    29.489] 	ABI class: X.Org XInput driver, version 24.4
[    29.489] (II) Using input driver 'libinput' for 'Power Button'
[    29.490] (II) systemd-logind: got fd for /dev/input/event0 13:64 fd 21 paused 0
[    29.490] (**) Power Button: always reports core events
[    29.490] (**) Option "Device" "/dev/input/event0"
[    29.501] (II) event0  - Power Button: is tagged by udev as: Keyboard
[    29.501] (II) event0  - Power Button: device is a keyboard
[    29.501] (II) event0  - Power Button: device removed
[    29.501] (**) Option "config_info" "udev:/sys/devices/LNXSYSTM:00/LNXPWRBN:00/input/input0/event0"
[    29.501] (II) XINPUT: Adding extended input device "Power Button" (type: KEYBOARD, id 6)
[    29.501] (**) Option "xkb_model" "pc105+inet"
[    29.501] (**) Option "xkb_layout" "us"
[    29.501] (**) Option "xkb_options" "terminate:ctrl_alt_bksp"
[    29.516] (II) event0  - Power Button: is tagged by udev as: Keyboard
[    29.516] (II) event0  - Power Button: device is a keyboard
[    29.516] (II) config/udev: Adding input device Sleep Button (/dev/input/event1)
[    29.516] (**) Sleep Button: Applying InputClass "libinput keyboard catchall"
[    29.516] (**) Sleep Button: Applying InputClass "system-keyboard"
[    29.516] (II) Using input driver 'libinput' for 'Sleep Button'
[    29.517] (II) systemd-logind: got fd for /dev/input/event1 13:65 fd 24 paused 0
[    29.517] (**) Sleep Button: always reports core events
[    29.517] (**) Option "Device" "/dev/input/event1"
[    29.518] (II) event1  - Sleep Button: is tagged by udev as: Keyboard
[    29.518] (II) event1  - Sleep Button: device is a keyboard
[    29.518] (II) event1  - Sleep Button: device removed
[    29.518] (**) Option "config_info" "udev:/sys/devices/LNXSYSTM:00/LNXSLPBN:00/input/input1/event1"
[    29.518] (II) XINPUT: Adding extended input device "Sleep Button" (type: KEYBOARD, id 7)
[    29.518] (**) Option "xkb_model" "pc105+inet"
[    29.518] (**) Option "xkb_layout" "us"
[    29.518] (**) Option "xkb_options" "terminate:ctrl_alt_bksp"
[    29.518] (II) event1  - Sleep Button: is tagged by udev as: Keyboard
[    29.518] (II) event1  - Sleep Button: device is a keyboard
[    29.519] (II) config/udev: Adding input device Video Bus (/dev/input/event6)
[    29.519] (**) Video Bus: Applying InputClass "libinput keyboard catchall"
[    29.519] (**) Video Bus: Applying InputClass "system-keyboard"
[    29.519] (II) Using input driver 'libinput' for 'Video Bus'
[    29.521] (II) systemd-logind: got fd for /dev/input/event6 13:70 fd 25 paused 0
[    29.521] (**) Video Bus: always reports core events
[    29.521] (**) Option "Device" "/dev/input/event6"
[    29.521] (II) event6  - Video Bus: is tagged by udev as: Keyboard
[    29.521] (II) event6  - Video Bus: device is a keyboard
[    29.521] (II) event6  - Video Bus: device removed
[    29.521] (**) Option "config_info" "udev:/sys/devices/LNXSYSTM:00/LNXSYBUS:00/PNP0A03:00/LNXVIDEO:00/input/input8/event6"
[    29.521] (II) XINPUT: Adding extended input device "Video Bus" (type: KEYBOARD, id 8)
[    29.521] (**) Option "xkb_model" "pc105+inet"
[    29.521] (**) Option "xkb_layout" "us"
[    29.521] (**) Option "xkb_options" "terminate:ctrl_alt_bksp"
[    29.522] (II) event6  - Video Bus: is tagged by udev as: Keyboard
[    29.522] (II) event6  - Video Bus: device is a keyboard
[    29.522] (II) config/udev: Adding input device VirtualBox mouse integration (/dev/input/event4)
[    29.522] (**) VirtualBox mouse integration: Applying InputClass "libinput pointer catchall"
[    29.522] (II) Using input driver 'libinput' for 'VirtualBox mouse integration'
[    29.523] (II) systemd-logind: got fd for /dev/input/event4 13:68 fd 26 paused 0
[    29.523] (**) VirtualBox mouse integration: always reports core events
[    29.523] (**) Option "Device" "/dev/input/event4"
[    29.524] (II) event4  - VirtualBox mouse integration: is tagged by udev as: Mouse
[    29.524] (II) event4  - VirtualBox mouse integration: device is a pointer
[    29.524] (II) event4  - VirtualBox mouse integration: device removed
[    29.524] (**) Option "config_info" "udev:/sys/devices/pci0000:00/0000:00:04.0/input/input5/event4"
[    29.524] (II) XINPUT: Adding extended input device "VirtualBox mouse integration" (type: MOUSE, id 9)
[    29.524] (**) Option "AccelerationScheme" "none"
[    29.524] (**) VirtualBox mouse integration: (accel) selected scheme none/0
[    29.524] (**) VirtualBox mouse integration: (accel) acceleration factor: 2.000
[    29.524] (**) VirtualBox mouse integration: (accel) acceleration threshold: 4
[    29.524] (II) event4  - VirtualBox mouse integration: is tagged by udev as: Mouse
[    29.525] (II) event4  - VirtualBox mouse integration: device is a pointer
[    29.525] (II) config/udev: Adding input device VirtualBox mouse integration (/dev/input/js1)
[    29.525] (II) No input driver specified, ignoring this device.
[    29.525] (II) This device may have been added with another device file.
[    29.525] (II) config/udev: Adding input device VirtualBox mouse integration (/dev/input/mouse1)
[    29.525] (II) No input driver specified, ignoring this device.
[    29.525] (II) This device may have been added with another device file.
[    29.525] (II) config/udev: Adding input device VirtualBox USB Tablet (/dev/input/event2)
[    29.525] (**) VirtualBox USB Tablet: Applying InputClass "libinput pointer catchall"
[    29.525] (II) Using input driver 'libinput' for 'VirtualBox USB Tablet'
[    29.585] (II) systemd-logind: got fd for /dev/input/event2 13:66 fd 27 paused 0
[    29.586] (**) VirtualBox USB Tablet: always reports core events
[    29.586] (**) Option "Device" "/dev/input/event2"
[    29.586] (II) event2  - VirtualBox USB Tablet: is tagged by udev as: Mouse
[    29.587] (II) event2  - VirtualBox USB Tablet: device is a pointer
[    29.587] (II) event2  - VirtualBox USB Tablet: device removed
[    29.587] (**) Option "config_info" "udev:/sys/devices/pci0000:00/0000:00:06.0/usb1/1-1/1-1:1.0/0003:80EE:0021.0001/input/input2/event2"
[    29.587] (II) XINPUT: Adding extended input device "VirtualBox USB Tablet" (type: MOUSE, id 10)
[    29.587] (**) Option "AccelerationScheme" "none"
[    29.587] (**) VirtualBox USB Tablet: (accel) selected scheme none/0
[    29.587] (**) VirtualBox USB Tablet: (accel) acceleration factor: 2.000
[    29.587] (**) VirtualBox USB Tablet: (accel) acceleration threshold: 4
[    29.588] (II) event2  - VirtualBox USB Tablet: is tagged by udev as: Mouse
[    29.588] (II) event2  - VirtualBox USB Tablet: device is a pointer
[    29.588] (II) config/udev: Adding input device VirtualBox USB Tablet (/dev/input/js0)
[    29.588] (II) No input driver specified, ignoring this device.
[    29.588] (II) This device may have been added with another device file.
[    29.589] (II) config/udev: Adding input device VirtualBox USB Tablet (/dev/input/mouse0)
[    29.589] (II) No input driver specified, ignoring this device.
[    29.589] (II) This device may have been added with another device file.
[    29.589] (II) config/udev: Adding input device AT Translated Set 2 keyboard (/dev/input/event3)
[    29.589] (**) AT Translated Set 2 keyboard: Applying InputClass "libinput keyboard catchall"
[    29.589] (**) AT Translated Set 2 keyboard: Applying InputClass "system-keyboard"
[    29.589] (II) Using input driver 'libinput' for 'AT Translated Set 2 keyboard'
[    29.590] (II) systemd-logind: got fd for /dev/input/event3 13:67 fd 28 paused 0
[    29.590] (**) AT Translated Set 2 keyboard: always reports core events
[    29.590] (**) Option "Device" "/dev/input/event3"
[    29.591] (II) event3  - AT Translated Set 2 keyboard: is tagged by udev as: Keyboard
[    29.591] (II) event3  - AT Translated Set 2 keyboard: device is a keyboard
[    29.591] (II) event3  - AT Translated Set 2 keyboard: device removed
[    29.591] (**) Option "config_info" "udev:/sys/devices/platform/i8042/serio0/input/input3/event3"
[    29.591] (II) XINPUT: Adding extended input device "AT Translated Set 2 keyboard" (type: KEYBOARD, id 11)
[    29.591] (**) Option "xkb_model" "pc105+inet"
[    29.591] (**) Option "xkb_layout" "us"
[    29.591] (**) Option "xkb_options" "terminate:ctrl_alt_bksp"
[    29.592] (II) event3  - AT Translated Set 2 keyboard: is tagged by udev as: Keyboard
[    29.592] (II) event3  - AT Translated Set 2 keyboard: device is a keyboard
[    29.593] (II) config/udev: Adding input device ImExPS/2 Generic Explorer Mouse (/dev/input/event7)
[    29.593] (**) ImExPS/2 Generic Explorer Mouse: Applying InputClass "libinput pointer catchall"
[    29.593] (II) Using input driver 'libinput' for 'ImExPS/2 Generic Explorer Mouse'
[    29.593] (II) systemd-logind: got fd for /dev/input/event7 13:71 fd 29 paused 0
[    29.593] (**) ImExPS/2 Generic Explorer Mouse: always reports core events
[    29.593] (**) Option "Device" "/dev/input/event7"
[    29.594] (II) event7  - ImExPS/2 Generic Explorer Mouse: is tagged by udev as: Mouse
[    29.594] (II) event7  - ImExPS/2 Generic Explorer Mouse: device is a pointer
[    29.594] (II) event7  - ImExPS/2 Generic Explorer Mouse: device removed
[    29.594] (II) libinput: ImExPS/2 Generic Explorer Mouse: Step value 0 was provided, libinput Fallback acceleration function is used.
[    29.594] (II) libinput: ImExPS/2 Generic Explorer Mouse: Step value 0 was provided, libinput Fallback acceleration function is used.
[    29.594] (II) libinput: ImExPS/2 Generic Explorer Mouse: Step value 0 was provided, libinput Fallback acceleration function is used.
[    29.594] (**) Option "config_info" "udev:/sys/devices/platform/i8042/serio1/input/input7/event7"
[    29.594] (II) XINPUT: Adding extended input device "ImExPS/2 Generic Explorer Mouse" (type: MOUSE, id 12)
[    29.594] (**) Option "AccelerationScheme" "none"
[    29.594] (**) ImExPS/2 Generic Explorer Mouse: (accel) selected scheme none/0
[    29.594] (**) ImExPS/2 Generic Explorer Mouse: (accel) acceleration factor: 2.000
[    29.594] (**) ImExPS/2 Generic Explorer Mouse: (accel) acceleration threshold: 4
[    29.595] (II) event7  - ImExPS/2 Generic Explorer Mouse: is tagged by udev as: Mouse
[    29.595] (II) event7  - ImExPS/2 Generic Explorer Mouse: device is a pointer
[    29.595] (II) config/udev: Adding input device ImExPS/2 Generic Explorer Mouse (/dev/input/mouse2)
[    29.595] (II) No input driver specified, ignoring this device.
[    29.595] (II) This device may have been added with another device file.
[    29.596] (II) config/udev: Adding input device PC Speaker (/dev/input/event5)
[    29.596] (II) No input driver specified, ignoring this device.
[    29.596] (II) This device may have been added with another device file.
[    29.688] (II) modeset(0): Allocate new frame buffer 1920x1080 stride
