0 verbose cli /usr/bin/node /usr/bin/npm
1 info using npm@8.19.2
2 info using node@v20.3.0
3 timing npm:load:whichnode Completed in 3ms
4 timing config:load:defaults Completed in 2ms
5 timing config:load:file:/usr/lib/node_modules/npm/npmrc Completed in 3ms
6 timing config:load:builtin Completed in 4ms
7 timing config:load:cli Completed in 3ms
8 timing config:load:env Completed in 0ms
9 timing config:load:project Completed in 1ms
10 timing config:load:file:/home/dustin/.npmrc Completed in 0ms
11 timing config:load:user Completed in 0ms
12 timing config:load:file:/home/dustin/.cache/yay/vtop/pkg/vtop/usr/etc/npmrc Completed in 0ms
13 timing config:load:global Completed in 0ms
14 timing config:load:validate Completed in 0ms
15 timing config:load:credentials Completed in 1ms
16 timing config:load:setEnvs Completed in 1ms
17 timing config:load Completed in 13ms
18 timing npm:load:configload Completed in 14ms
19 timing npm:load:mkdirpcache Completed in 2ms
20 timing npm:load:mkdirplogs Completed in 3ms
21 verbose title npm install vtop@0.6.1
22 verbose argv "install" "--global" "--prefix" "/home/dustin/.cache/yay/vtop/pkg/vtop/usr" "vtop@0.6.1"
23 timing npm:load:setTitle Completed in 1ms
24 timing config:load:flatten Completed in 3ms
25 timing npm:load:display Completed in 5ms
26 verbose logfile logs-max:10 dir:/home/dustin/.npm/_logs
27 verbose logfile /home/dustin/.npm/_logs/2023-06-14T21_52_31_668Z-debug-0.log
28 timing npm:load:logFile Completed in 5ms
29 timing npm:load:timers Completed in 0ms
30 timing npm:load:configScope Completed in 0ms
31 timing npm:load Completed in 35ms
32 timing arborist:ctor Completed in 1ms
33 silly logfile start cleaning logs, removing 1 files
34 silly logfile done cleaning log files
35 timing idealTree:init Completed in 12ms
36 timing idealTree:userRequests Completed in 4ms
37 silly idealTree buildDeps
38 silly fetch manifest vtop@0.6.1
39 http fetch GET 200 https://registry.npmjs.org/npm 419ms (cache updated)
40 http fetch GET 200 https://registry.npmjs.org/vtop 514ms (cache miss)
41 silly placeDep ROOT vtop@0.6.1 OK for:  want: 0.6.1
42 silly fetch manifest blessed@0.1.81
43 silly fetch manifest commander@2.11.0
44 silly fetch manifest drawille@1.1.0
45 silly fetch manifest glob@7.1.2
46 silly fetch manifest husky@^0.14.3
47 silly fetch manifest os-utils@0.0.14
48 silly fetch manifest read@1.0.7
49 silly fetch manifest sudo@1.0.3
50 silly fetch manifest use-strict@^1.0.1
51 http fetch GET 200 https://registry.npmjs.org/blessed 131ms (cache miss)
52 http fetch GET 200 https://registry.npmjs.org/commander 142ms (cache revalidated)
53 http fetch GET 200 https://registry.npmjs.org/read 140ms (cache miss)
54 http fetch GET 200 https://registry.npmjs.org/husky 158ms (cache miss)
55 http fetch GET 200 https://registry.npmjs.org/drawille 372ms (cache miss)
56 http fetch GET 200 https://registry.npmjs.org/use-strict 443ms (cache miss)
57 http fetch GET 200 https://registry.npmjs.org/sudo 525ms (cache miss)
58 http fetch GET 200 https://registry.npmjs.org/os-utils 528ms (cache miss)
59 http fetch GET 200 https://registry.npmjs.org/glob 541ms (cache updated)
60 timing idealTree:#root Completed in 1070ms
61 silly placeDep node_modules/vtop blessed@0.1.81 OK for: vtop@0.6.1 want: 0.1.81
62 silly placeDep node_modules/vtop commander@2.11.0 OK for: vtop@0.6.1 want: 2.11.0
63 silly placeDep node_modules/vtop drawille@1.1.0 OK for: vtop@0.6.1 want: 1.1.0
64 silly placeDep node_modules/vtop glob@7.1.2 OK for: vtop@0.6.1 want: 7.1.2
65 silly placeDep node_modules/vtop husky@0.14.3 OK for: vtop@0.6.1 want: ^0.14.3
66 silly placeDep node_modules/vtop os-utils@0.0.14 OK for: vtop@0.6.1 want: 0.0.14
67 silly placeDep node_modules/vtop read@1.0.7 OK for: vtop@0.6.1 want: 1.0.7
68 silly placeDep node_modules/vtop sudo@1.0.3 OK for: vtop@0.6.1 want: 1.0.3
69 silly placeDep node_modules/vtop use-strict@1.0.1 OK for: vtop@0.6.1 want: ^1.0.1
70 silly fetch manifest fs.realpath@^1.0.0
71 silly fetch manifest inflight@^1.0.4
72 silly fetch manifest inherits@2
73 silly fetch manifest minimatch@^3.0.4
74 silly fetch manifest once@^1.3.0
75 silly fetch manifest path-is-absolute@^1.0.0
76 silly fetch manifest is-ci@^1.0.10
77 silly fetch manifest normalize-path@^1.0.0
78 silly fetch manifest strip-indent@^2.0.0
79 silly fetch manifest mute-stream@~0.0.4
80 silly fetch manifest inpath@~1.0.2
81 silly fetch manifest pidof@~1.0.2
82 http fetch GET 200 https://registry.npmjs.org/is-ci 73ms (cache miss)
83 http fetch GET 200 https://registry.npmjs.org/mute-stream 74ms (cache miss)
84 http fetch GET 200 https://registry.npmjs.org/strip-indent 80ms (cache miss)
85 http fetch GET 200 https://registry.npmjs.org/path-is-absolute 98ms (cache revalidated)
86 http fetch GET 200 https://registry.npmjs.org/inflight 105ms (cache revalidated)
87 http fetch GET 200 https://registry.npmjs.org/once 105ms (cache revalidated)
88 http fetch GET 200 https://registry.npmjs.org/fs.realpath 110ms (cache revalidated)
89 http fetch GET 200 https://registry.npmjs.org/inherits 111ms (cache updated)
90 http fetch GET 200 https://registry.npmjs.org/minimatch 122ms (cache updated)
91 http fetch GET 200 https://registry.npmjs.org/normalize-path 129ms (cache revalidated)
92 http fetch GET 200 https://registry.npmjs.org/inpath 458ms (cache miss)
93 http fetch GET 200 https://registry.npmjs.org/pidof 479ms (cache miss)
94 timing idealTree:node_modules/vtop Completed in 526ms
95 timing idealTree:node_modules/vtop/node_modules/blessed Completed in 0ms
96 timing idealTree:node_modules/vtop/node_modules/commander Completed in 0ms
97 timing idealTree:node_modules/vtop/node_modules/drawille Completed in 0ms
98 silly placeDep node_modules/vtop fs.realpath@1.0.0 OK for: glob@7.1.2 want: ^1.0.0
99 silly placeDep node_modules/vtop inflight@1.0.6 OK for: glob@7.1.2 want: ^1.0.4
100 silly placeDep node_modules/vtop inherits@2.0.4 OK for: glob@7.1.2 want: 2
101 silly placeDep node_modules/vtop minimatch@3.1.2 OK for: glob@7.1.2 want: ^3.0.4
102 silly placeDep node_modules/vtop once@1.4.0 OK for: glob@7.1.2 want: ^1.3.0
103 silly placeDep node_modules/vtop path-is-absolute@1.0.1 OK for: glob@7.1.2 want: ^1.0.0
104 silly fetch manifest wrappy@1
105 silly fetch manifest brace-expansion@^1.1.7
106 http fetch GET 200 https://registry.npmjs.org/wrappy 45ms (cache revalidated)
107 http fetch GET 200 https://registry.npmjs.org/brace-expansion 48ms (cache revalidated)
108 timing idealTree:node_modules/vtop/node_modules/glob Completed in 64ms
109 timing idealTree:node_modules/vtop/node_modules/fs.realpath Completed in 0ms
110 silly placeDep node_modules/vtop is-ci@1.2.1 OK for: husky@0.14.3 want: ^1.0.10
111 silly placeDep node_modules/vtop normalize-path@1.0.0 OK for: husky@0.14.3 want: ^1.0.0
112 silly placeDep node_modules/vtop strip-indent@2.0.0 OK for: husky@0.14.3 want: ^2.0.0
113 silly fetch manifest ci-info@^1.5.0
114 http fetch GET 200 https://registry.npmjs.org/ci-info 46ms (cache miss)
115 timing idealTree:node_modules/vtop/node_modules/husky Completed in 53ms
116 silly placeDep node_modules/vtop wrappy@1.0.2 OK for: inflight@1.0.6 want: 1
117 timing idealTree:node_modules/vtop/node_modules/inflight Completed in 1ms
118 timing idealTree:node_modules/vtop/node_modules/inherits Completed in 0ms
119 silly placeDep node_modules/vtop ci-info@1.6.0 OK for: is-ci@1.2.1 want: ^1.5.0
120 timing idealTree:node_modules/vtop/node_modules/is-ci Completed in 1ms
121 timing idealTree:node_modules/vtop/node_modules/ci-info Completed in 0ms
122 silly placeDep node_modules/vtop brace-expansion@1.1.11 OK for: minimatch@3.1.2 want: ^1.1.7
123 silly fetch manifest balanced-match@^1.0.0
124 silly fetch manifest concat-map@0.0.1
125 http fetch GET 200 https://registry.npmjs.org/balanced-match 47ms (cache revalidated)
126 http fetch GET 200 https://registry.npmjs.org/concat-map 51ms (cache revalidated)
127 timing idealTree:node_modules/vtop/node_modules/minimatch Completed in 55ms
128 silly placeDep node_modules/vtop balanced-match@1.0.2 OK for: brace-expansion@1.1.11 want: ^1.0.0
129 silly placeDep node_modules/vtop concat-map@0.0.1 OK for: brace-expansion@1.1.11 want: 0.0.1
130 timing idealTree:node_modules/vtop/node_modules/brace-expansion Completed in 2ms
131 timing idealTree:node_modules/vtop/node_modules/balanced-match Completed in 0ms
132 timing idealTree:node_modules/vtop/node_modules/concat-map Completed in 0ms
133 timing idealTree:node_modules/vtop/node_modules/normalize-path Completed in 0ms
134 timing idealTree:node_modules/vtop/node_modules/once Completed in 0ms
135 timing idealTree:node_modules/vtop/node_modules/os-utils Completed in 0ms
136 timing idealTree:node_modules/vtop/node_modules/path-is-absolute Completed in 0ms
137 silly placeDep node_modules/vtop mute-stream@0.0.8 OK for: read@1.0.7 want: ~0.0.4
138 timing idealTree:node_modules/vtop/node_modules/read Completed in 1ms
139 timing idealTree:node_modules/vtop/node_modules/mute-stream Completed in 0ms
140 timing idealTree:node_modules/vtop/node_modules/strip-indent Completed in 0ms
141 silly placeDep node_modules/vtop inpath@1.0.2 OK for: sudo@1.0.3 want: ~1.0.2
142 silly placeDep node_modules/vtop pidof@1.0.2 OK for: sudo@1.0.3 want: ~1.0.2
143 timing idealTree:node_modules/vtop/node_modules/sudo Completed in 2ms
144 timing idealTree:node_modules/vtop/node_modules/inpath Completed in 0ms
145 timing idealTree:node_modules/vtop/node_modules/pidof Completed in 0ms
146 timing idealTree:node_modules/vtop/node_modules/use-strict Completed in 0ms
147 timing idealTree:node_modules/vtop/node_modules/wrappy Completed in 0ms
148 timing idealTree:buildDeps Completed in 1778ms
149 timing idealTree:fixDepFlags Completed in 2ms
150 timing idealTree Completed in 1799ms
151 timing reify:loadTrees Completed in 1803ms
152 timing reify:diffTrees Completed in 4ms
153 silly reify moves {}
154 timing reify:retireShallow Completed in 2ms
155 timing reify:createSparse Completed in 116ms
156 timing reify:loadBundles Completed in 0ms
157 silly audit bulk request {
157 silly audit   vtop: [ '0.6.1' ],
157 silly audit   blessed: [ '0.1.81' ],
157 silly audit   commander: [ '2.11.0' ],
157 silly audit   drawille: [ '1.1.0' ],
157 silly audit   glob: [ '7.1.2' ],
157 silly audit   husky: [ '0.14.3' ],
157 silly audit   'os-utils': [ '0.0.14' ],
157 silly audit   read: [ '1.0.7' ],
157 silly audit   sudo: [ '1.0.3' ],
157 silly audit   'use-strict': [ '1.0.1' ],
157 silly audit   'fs.realpath': [ '1.0.0' ],
157 silly audit   inflight: [ '1.0.6' ],
157 silly audit   inherits: [ '2.0.4' ],
157 silly audit   minimatch: [ '3.1.2' ],
157 silly audit   once: [ '1.4.0' ],
157 silly audit   'path-is-absolute': [ '1.0.1' ],
157 silly audit   'is-ci': [ '1.2.1' ],
157 silly audit   'normalize-path': [ '1.0.0' ],
157 silly audit   'strip-indent': [ '2.0.0' ],
157 silly audit   wrappy: [ '1.0.2' ],
157 silly audit   'ci-info': [ '1.6.0' ],
157 silly audit   'brace-expansion': [ '1.1.11' ],
157 silly audit   'balanced-match': [ '1.0.2' ],
157 silly audit   'concat-map': [ '0.0.1' ],
157 silly audit   'mute-stream': [ '0.0.8' ],
157 silly audit   inpath: [ '1.0.2' ],
157 silly audit   pidof: [ '1.0.2' ]
157 silly audit }
158 silly tarball no local data for pidof@https://registry.npmjs.org/pidof/-/pidof-1.0.2.tgz. Extracting by manifest.
159 silly tarball no local data for inpath@https://registry.npmjs.org/inpath/-/inpath-1.0.2.tgz. Extracting by manifest.
160 silly tarball no local data for mute-stream@https://registry.npmjs.org/mute-stream/-/mute-stream-0.0.8.tgz. Extracting by manifest.
161 silly tarball no local data for strip-indent@https://registry.npmjs.org/strip-indent/-/strip-indent-2.0.0.tgz. Extracting by manifest.
162 silly tarball no local data for normalize-path@https://registry.npmjs.org/normalize-path/-/normalize-path-1.0.0.tgz. Extracting by manifest.
163 silly tarball no local data for is-ci@https://registry.npmjs.org/is-ci/-/is-ci-1.2.1.tgz. Extracting by manifest.
164 silly tarball no local data for sudo@https://registry.npmjs.org/sudo/-/sudo-1.0.3.tgz. Extracting by manifest.
165 silly tarball no local data for use-strict@https://registry.npmjs.org/use-strict/-/use-strict-1.0.1.tgz. Extracting by manifest.
166 silly tarball no local data for read@https://registry.npmjs.org/read/-/read-1.0.7.tgz. Extracting by manifest.
167 silly tarball no local data for os-utils@https://registry.npmjs.org/os-utils/-/os-utils-0.0.14.tgz. Extracting by manifest.
168 silly tarball no local data for husky@https://registry.npmjs.org/husky/-/husky-0.14.3.tgz. Extracting by manifest.
169 silly tarball no local data for glob@https://registry.npmjs.org/glob/-/glob-7.1.2.tgz. Extracting by manifest.
170 silly tarball no local data for drawille@https://registry.npmjs.org/drawille/-/drawille-1.1.0.tgz. Extracting by manifest.
171 silly tarball no local data for blessed@https://registry.npmjs.org/blessed/-/blessed-0.1.81.tgz. Extracting by manifest.
172 silly tarball no local data for commander@https://registry.npmjs.org/commander/-/commander-2.11.0.tgz. Extracting by manifest.
173 silly tarball no local data for ci-info@https://registry.npmjs.org/ci-info/-/ci-info-1.6.0.tgz. Extracting by manifest.
174 http fetch POST 200 https://registry.npmjs.org/-/npm/v1/security/advisories/bulk 215ms
175 timing auditReport:getReport Completed in 220ms
176 silly audit report {}
177 timing auditReport:init Completed in 0ms
178 timing reify:audit Completed in 221ms
179 silly tarball no local data for vtop@https://registry.npmjs.org/vtop/-/vtop-0.6.1.tgz. Extracting by manifest.
180 timing reifyNode:node_modules/vtop/node_modules/brace-expansion Completed in 333ms
181 timing reifyNode:node_modules/vtop/node_modules/wrappy Completed in 333ms
182 timing reifyNode:node_modules/vtop/node_modules/path-is-absolute Completed in 332ms
183 timing reifyNode:node_modules/vtop/node_modules/once Completed in 332ms
184 timing reifyNode:node_modules/vtop/node_modules/inflight Completed in 333ms
185 timing reifyNode:node_modules/vtop/node_modules/inherits Completed in 339ms
186 timing reifyNode:node_modules/vtop/node_modules/fs.realpath Completed in 345ms
187 timing reifyNode:node_modules/vtop/node_modules/minimatch Completed in 349ms
188 timing reifyNode:node_modules/vtop/node_modules/balanced-match Completed in 356ms
189 timing reifyNode:node_modules/vtop/node_modules/concat-map Completed in 390ms
190 http fetch GET 200 https://registry.npmjs.org/strip-indent/-/strip-indent-2.0.0.tgz 356ms (cache miss)
191 timing reifyNode:node_modules/vtop/node_modules/strip-indent Completed in 405ms
192 http fetch GET 200 https://registry.npmjs.org/mute-stream/-/mute-stream-0.0.8.tgz 359ms (cache miss)
193 timing reifyNode:node_modules/vtop/node_modules/mute-stream Completed in 406ms
194 http fetch GET 200 https://registry.npmjs.org/normalize-path/-/normalize-path-1.0.0.tgz 355ms (cache miss)
195 timing reifyNode:node_modules/vtop/node_modules/normalize-path Completed in 405ms
196 http fetch GET 200 https://registry.npmjs.org/is-ci/-/is-ci-1.2.1.tgz 355ms (cache miss)
197 timing reifyNode:node_modules/vtop/node_modules/is-ci Completed in 407ms
198 http fetch GET 200 https://registry.npmjs.org/inpath/-/inpath-1.0.2.tgz 365ms (cache miss)
199 timing reifyNode:node_modules/vtop/node_modules/inpath Completed in 410ms
200 http fetch GET 200 https://registry.npmjs.org/sudo/-/sudo-1.0.3.tgz 353ms (cache miss)
201 timing reifyNode:node_modules/vtop/node_modules/sudo Completed in 409ms
202 http fetch GET 200 https://registry.npmjs.org/read/-/read-1.0.7.tgz 350ms (cache miss)
203 timing reifyNode:node_modules/vtop/node_modules/read Completed in 410ms
204 http fetch GET 200 https://registry.npmjs.org/use-strict/-/use-strict-1.0.1.tgz 352ms (cache miss)
205 timing reifyNode:node_modules/vtop/node_modules/use-strict Completed in 410ms
206 http fetch GET 200 https://registry.npmjs.org/ci-info/-/ci-info-1.6.0.tgz 335ms (cache miss)
207 timing reifyNode:node_modules/vtop/node_modules/ci-info Completed in 416ms
208 http fetch GET 200 https://registry.npmjs.org/os-utils/-/os-utils-0.0.14.tgz 353ms (cache miss)
209 timing reifyNode:node_modules/vtop/node_modules/os-utils Completed in 420ms
210 http fetch GET 200 https://registry.npmjs.org/pidof/-/pidof-1.0.2.tgz 382ms (cache miss)
211 timing reifyNode:node_modules/vtop/node_modules/pidof Completed in 424ms
212 http fetch GET 200 https://registry.npmjs.org/commander/-/commander-2.11.0.tgz 352ms (cache miss)
213 timing reifyNode:node_modules/vtop/node_modules/commander Completed in 430ms
214 http fetch GET 200 https://registry.npmjs.org/glob/-/glob-7.1.2.tgz 363ms (cache miss)
215 timing reifyNode:node_modules/vtop/node_modules/glob Completed in 433ms
216 http fetch GET 200 https://registry.npmjs.org/husky/-/husky-0.14.3.tgz 385ms (cache miss)
217 timing reifyNode:node_modules/vtop/node_modules/husky Completed in 454ms
218 http fetch GET 200 https://registry.npmjs.org/drawille/-/drawille-1.1.0.tgz 412ms (cache miss)
219 timing reifyNode:node_modules/vtop/node_modules/drawille Completed in 485ms
220 http fetch GET 200 https://registry.npmjs.org/blessed/-/blessed-0.1.81.tgz 453ms (cache miss)
221 timing reifyNode:node_modules/vtop/node_modules/blessed Completed in 528ms
222 http fetch GET 200 https://registry.npmjs.org/vtop/-/vtop-0.6.1.tgz 1302ms (cache miss)
223 timing reifyNode:node_modules/vtop Completed in 1550ms
224 timing reify:unpack Completed in 1551ms
225 timing reify:unretire Completed in 0ms
226 timing build:queue Completed in 3ms
227 timing build:link:node_modules/vtop/node_modules/blessed Completed in 5ms
228 timing build:link:node_modules/vtop Completed in 7ms
229 timing build:link:node_modules/vtop/node_modules/is-ci Completed in 6ms
230 timing build:link Completed in 7ms
231 info run husky@0.14.3 install node_modules/vtop/node_modules/husky node ./bin/install.js
232 info run husky@0.14.3 install { code: 0, signal: null }
233 timing build:run:install:node_modules/vtop/node_modules/husky Completed in 224ms
234 timing build:run:install Completed in 226ms
235 timing build:deps Completed in 236ms
236 timing build Completed in 236ms
237 timing reify:build Completed in 237ms
238 timing reify:trash Completed in 0ms
239 timing reify Completed in 3771ms
240 silly ADD node_modules/vtop
241 silly ADD node_modules/vtop/node_modules/pidof
242 silly ADD node_modules/vtop/node_modules/inpath
243 silly ADD node_modules/vtop/node_modules/mute-stream
244 silly ADD node_modules/vtop/node_modules/concat-map
245 silly ADD node_modules/vtop/node_modules/balanced-match
246 silly ADD node_modules/vtop/node_modules/brace-expansion
247 silly ADD node_modules/vtop/node_modules/ci-info
248 silly ADD node_modules/vtop/node_modules/wrappy
249 silly ADD node_modules/vtop/node_modules/strip-indent
250 silly ADD node_modules/vtop/node_modules/normalize-path
251 silly ADD node_modules/vtop/node_modules/is-ci
252 silly ADD node_modules/vtop/node_modules/path-is-absolute
253 silly ADD node_modules/vtop/node_modules/once
254 silly ADD node_modules/vtop/node_modules/minimatch
255 silly ADD node_modules/vtop/node_modules/inherits
256 silly ADD node_modules/vtop/node_modules/inflight
257 silly ADD node_modules/vtop/node_modules/fs.realpath
258 silly ADD node_modules/vtop/node_modules/use-strict
259 silly ADD node_modules/vtop/node_modules/sudo
260 silly ADD node_modules/vtop/node_modules/read
261 silly ADD node_modules/vtop/node_modules/os-utils
262 silly ADD node_modules/vtop/node_modules/husky
263 silly ADD node_modules/vtop/node_modules/glob
264 silly ADD node_modules/vtop/node_modules/drawille
265 silly ADD node_modules/vtop/node_modules/commander
266 silly ADD node_modules/vtop/node_modules/blessed
267 timing command:install Completed in 3784ms
268 notice
268 notice New [31mmajor[39m version of npm available! [31m8.19.2[39m -> [32m9.7.1[39m
268 notice Changelog: [36mhttps://github.com/npm/cli/releases/tag/v9.7.1[39m
268 notice Run [32mnpm install -g npm@9.7.1[39m to update!
268 notice
269 verbose exit 0
270 timing npm Completed in 3966ms
271 info ok
