0 verbose cli /usr/bin/node /usr/bin/npm
1 info using npm@8.19.2
2 info using node@v20.2.0
3 timing npm:load:whichnode Completed in 0ms
4 timing config:load:defaults Completed in 5ms
5 timing config:load:file:/usr/lib/node_modules/npm/npmrc Completed in 2ms
6 timing config:load:builtin Completed in 2ms
7 timing config:load:cli Completed in 2ms
8 timing config:load:env Completed in 1ms
9 timing config:load:file:/home/dustin/Documents/code/js/restaurant-page/.npmrc Completed in 1ms
10 timing config:load:project Completed in 3ms
11 timing config:load:file:/home/dustin/.npmrc Completed in 0ms
12 timing config:load:user Completed in 0ms
13 timing config:load:file:/usr/etc/npmrc Completed in 0ms
14 timing config:load:global Completed in 0ms
15 timing config:load:validate Completed in 1ms
16 timing config:load:credentials Completed in 0ms
17 timing config:load:setEnvs Completed in 1ms
18 timing config:load Completed in 15ms
19 timing npm:load:configload Completed in 15ms
20 timing npm:load:mkdirpcache Completed in 2ms
21 timing npm:load:mkdirplogs Completed in 1ms
22 verbose title npm init
23 verbose argv "init"
24 timing npm:load:setTitle Completed in 1ms
25 timing config:load:flatten Completed in 3ms
26 timing npm:load:display Completed in 4ms
27 verbose logfile logs-max:10 dir:/home/dustin/.npm/_logs
28 verbose logfile /home/dustin/.npm/_logs/2023-05-31T15_36_08_410Z-debug-0.log
29 timing npm:load:logFile Completed in 5ms
30 timing npm:load:timers Completed in 0ms
31 timing npm:load:configScope Completed in 0ms
32 timing npm:load Completed in 28ms
33 silly logfile start cleaning logs, removing 1 files
34 silly logfile done cleaning log files
35 silly package data {
35 silly package data   name: 'restaurant-page',
35 silly package data   version: '1.0.0',
35 silly package data   description: 'Restaurant Page for The Odin Project',
35 silly package data   main: 'index.js',
35 silly package data   scripts: { test: 'echo "Error: no test specified" && exit 1' },
35 silly package data   author: 'Dustin4D',
35 silly package data   license: 'ISC'
35 silly package data }
36 info init written successfully
37 timing command:init Completed in 28764ms
38 verbose exit 0
39 timing npm Completed in 28947ms
40 info ok
